12:31:33.174 [main] INFO  api.test.UserTests - ***********Creating User**********
12:31:36.036 [main] INFO  api.test.UserTests - ***********Created User**********
12:31:36.049 [main] INFO  api.test.UserTests - ***********get User**********
12:31:37.163 [main] INFO  api.test.UserTests - ***********get User**********
12:31:37.165 [main] INFO  api.test.UserTests - ***********updating User**********
12:31:39.332 [main] INFO  api.test.UserTests - ***********updated User**********
12:31:39.334 [main] INFO  api.test.UserTests - ***********deleting User**********
12:31:40.424 [main] INFO  api.test.UserTests - ***********deleted User**********
12:31:40.550 [main] DEBUG org.apache.poi.openxml4j.opc.PackageRelationshipCollection - Parsing relationship: /xl/_rels/workbook.xml.rels
12:31:40.552 [main] DEBUG org.apache.poi.openxml4j.opc.PackageRelationshipCollection - Parsing relationship: /xl/worksheets/_rels/sheet1.xml.rels
12:31:40.554 [main] DEBUG org.apache.poi.openxml4j.opc.PackageRelationshipCollection - Parsing relationship: /_rels/.rels
12:31:40.866 [main] DEBUG org.apache.poi.ooxml.POIXMLFactory - using default POIXMLDocumentPart for http://schemas.openxmlformats.org/officeDocument/2006/relationships/printerSettings
12:31:40.930 [main] DEBUG org.apache.poi.openxml4j.opc.PackageRelationshipCollection - Parsing relationship: /xl/_rels/workbook.xml.rels
12:31:40.931 [main] DEBUG org.apache.poi.openxml4j.opc.PackageRelationshipCollection - Parsing relationship: /xl/worksheets/_rels/sheet1.xml.rels
12:31:40.931 [main] DEBUG org.apache.poi.openxml4j.opc.PackageRelationshipCollection - Parsing relationship: /_rels/.rels
12:31:40.940 [main] DEBUG org.apache.poi.ooxml.POIXMLFactory - using default POIXMLDocumentPart for http://schemas.openxmlformats.org/officeDocument/2006/relationships/printerSettings
12:31:40.951 [main] DEBUG org.apache.poi.openxml4j.opc.PackageRelationshipCollection - Parsing relationship: /xl/_rels/workbook.xml.rels
12:31:40.951 [main] DEBUG org.apache.poi.openxml4j.opc.PackageRelationshipCollection - Parsing relationship: /xl/worksheets/_rels/sheet1.xml.rels
12:31:40.952 [main] DEBUG org.apache.poi.openxml4j.opc.PackageRelationshipCollection - Parsing relationship: /_rels/.rels
12:31:40.959 [main] DEBUG org.apache.poi.ooxml.POIXMLFactory - using default POIXMLDocumentPart for http://schemas.openxmlformats.org/officeDocument/2006/relationships/printerSettings
12:31:40.988 [main] DEBUG org.apache.poi.openxml4j.opc.PackageRelationshipCollection - Parsing relationship: /xl/_rels/workbook.xml.rels
12:31:40.989 [main] DEBUG org.apache.poi.openxml4j.opc.PackageRelationshipCollection - Parsing relationship: /xl/worksheets/_rels/sheet1.xml.rels
12:31:40.989 [main] DEBUG org.apache.poi.openxml4j.opc.PackageRelationshipCollection - Parsing relationship: /_rels/.rels
12:31:40.996 [main] DEBUG org.apache.poi.ooxml.POIXMLFactory - using default POIXMLDocumentPart for http://schemas.openxmlformats.org/officeDocument/2006/relationships/printerSettings
12:31:41.009 [main] DEBUG org.apache.poi.openxml4j.opc.PackageRelationshipCollection - Parsing relationship: /xl/_rels/workbook.xml.rels
12:31:41.009 [main] DEBUG org.apache.poi.openxml4j.opc.PackageRelationshipCollection - Parsing relationship: /xl/worksheets/_rels/sheet1.xml.rels
12:31:41.010 [main] DEBUG org.apache.poi.openxml4j.opc.PackageRelationshipCollection - Parsing relationship: /_rels/.rels
12:31:41.017 [main] DEBUG org.apache.poi.ooxml.POIXMLFactory - using default POIXMLDocumentPart for http://schemas.openxmlformats.org/officeDocument/2006/relationships/printerSettings
12:31:41.026 [main] DEBUG org.apache.poi.openxml4j.opc.PackageRelationshipCollection - Parsing relationship: /xl/_rels/workbook.xml.rels
12:31:41.026 [main] DEBUG org.apache.poi.openxml4j.opc.PackageRelationshipCollection - Parsing relationship: /xl/worksheets/_rels/sheet1.xml.rels
12:31:41.026 [main] DEBUG org.apache.poi.openxml4j.opc.PackageRelationshipCollection - Parsing relationship: /_rels/.rels
12:31:41.033 [main] DEBUG org.apache.poi.ooxml.POIXMLFactory - using default POIXMLDocumentPart for http://schemas.openxmlformats.org/officeDocument/2006/relationships/printerSettings
12:31:41.041 [main] DEBUG org.apache.poi.openxml4j.opc.PackageRelationshipCollection - Parsing relationship: /xl/_rels/workbook.xml.rels
12:31:41.042 [main] DEBUG org.apache.poi.openxml4j.opc.PackageRelationshipCollection - Parsing relationship: /xl/worksheets/_rels/sheet1.xml.rels
12:31:41.042 [main] DEBUG org.apache.poi.openxml4j.opc.PackageRelationshipCollection - Parsing relationship: /_rels/.rels
12:31:41.050 [main] DEBUG org.apache.poi.ooxml.POIXMLFactory - using default POIXMLDocumentPart for http://schemas.openxmlformats.org/officeDocument/2006/relationships/printerSettings
12:31:41.058 [main] DEBUG org.apache.poi.openxml4j.opc.PackageRelationshipCollection - Parsing relationship: /xl/_rels/workbook.xml.rels
12:31:41.059 [main] DEBUG org.apache.poi.openxml4j.opc.PackageRelationshipCollection - Parsing relationship: /xl/worksheets/_rels/sheet1.xml.rels
12:31:41.059 [main] DEBUG org.apache.poi.openxml4j.opc.PackageRelationshipCollection - Parsing relationship: /_rels/.rels
12:31:41.073 [main] DEBUG org.apache.poi.ooxml.POIXMLFactory - using default POIXMLDocumentPart for http://schemas.openxmlformats.org/officeDocument/2006/relationships/printerSettings
12:31:41.082 [main] DEBUG org.apache.poi.openxml4j.opc.PackageRelationshipCollection - Parsing relationship: /xl/_rels/workbook.xml.rels
12:31:41.082 [main] DEBUG org.apache.poi.openxml4j.opc.PackageRelationshipCollection - Parsing relationship: /xl/worksheets/_rels/sheet1.xml.rels
12:31:41.083 [main] DEBUG org.apache.poi.openxml4j.opc.PackageRelationshipCollection - Parsing relationship: /_rels/.rels
12:31:41.089 [main] DEBUG org.apache.poi.ooxml.POIXMLFactory - using default POIXMLDocumentPart for http://schemas.openxmlformats.org/officeDocument/2006/relationships/printerSettings
12:31:41.097 [main] DEBUG org.apache.poi.openxml4j.opc.PackageRelationshipCollection - Parsing relationship: /xl/_rels/workbook.xml.rels
12:31:41.098 [main] DEBUG org.apache.poi.openxml4j.opc.PackageRelationshipCollection - Parsing relationship: /xl/worksheets/_rels/sheet1.xml.rels
12:31:41.098 [main] DEBUG org.apache.poi.openxml4j.opc.PackageRelationshipCollection - Parsing relationship: /_rels/.rels
12:31:41.105 [main] DEBUG org.apache.poi.ooxml.POIXMLFactory - using default POIXMLDocumentPart for http://schemas.openxmlformats.org/officeDocument/2006/relationships/printerSettings
12:31:41.114 [main] DEBUG org.apache.poi.openxml4j.opc.PackageRelationshipCollection - Parsing relationship: /xl/_rels/workbook.xml.rels
12:31:41.115 [main] DEBUG org.apache.poi.openxml4j.opc.PackageRelationshipCollection - Parsing relationship: /xl/worksheets/_rels/sheet1.xml.rels
12:31:41.115 [main] DEBUG org.apache.poi.openxml4j.opc.PackageRelationshipCollection - Parsing relationship: /_rels/.rels
12:31:41.121 [main] DEBUG org.apache.poi.ooxml.POIXMLFactory - using default POIXMLDocumentPart for http://schemas.openxmlformats.org/officeDocument/2006/relationships/printerSettings
12:31:41.128 [main] DEBUG org.apache.poi.openxml4j.opc.PackageRelationshipCollection - Parsing relationship: /xl/_rels/workbook.xml.rels
12:31:41.129 [main] DEBUG org.apache.poi.openxml4j.opc.PackageRelationshipCollection - Parsing relationship: /xl/worksheets/_rels/sheet1.xml.rels
12:31:41.129 [main] DEBUG org.apache.poi.openxml4j.opc.PackageRelationshipCollection - Parsing relationship: /_rels/.rels
12:31:41.135 [main] DEBUG org.apache.poi.ooxml.POIXMLFactory - using default POIXMLDocumentPart for http://schemas.openxmlformats.org/officeDocument/2006/relationships/printerSettings
12:31:41.144 [main] DEBUG org.apache.poi.openxml4j.opc.PackageRelationshipCollection - Parsing relationship: /xl/_rels/workbook.xml.rels
12:31:41.144 [main] DEBUG org.apache.poi.openxml4j.opc.PackageRelationshipCollection - Parsing relationship: /xl/worksheets/_rels/sheet1.xml.rels
12:31:41.145 [main] DEBUG org.apache.poi.openxml4j.opc.PackageRelationshipCollection - Parsing relationship: /_rels/.rels
12:31:41.151 [main] DEBUG org.apache.poi.ooxml.POIXMLFactory - using default POIXMLDocumentPart for http://schemas.openxmlformats.org/officeDocument/2006/relationships/printerSettings
12:31:41.161 [main] DEBUG org.apache.poi.openxml4j.opc.PackageRelationshipCollection - Parsing relationship: /xl/_rels/workbook.xml.rels
12:31:41.162 [main] DEBUG org.apache.poi.openxml4j.opc.PackageRelationshipCollection - Parsing relationship: /xl/worksheets/_rels/sheet1.xml.rels
12:31:41.162 [main] DEBUG org.apache.poi.openxml4j.opc.PackageRelationshipCollection - Parsing relationship: /_rels/.rels
12:31:41.168 [main] DEBUG org.apache.poi.ooxml.POIXMLFactory - using default POIXMLDocumentPart for http://schemas.openxmlformats.org/officeDocument/2006/relationships/printerSettings
12:31:41.178 [main] DEBUG org.apache.poi.openxml4j.opc.PackageRelationshipCollection - Parsing relationship: /xl/_rels/workbook.xml.rels
12:31:41.179 [main] DEBUG org.apache.poi.openxml4j.opc.PackageRelationshipCollection - Parsing relationship: /xl/worksheets/_rels/sheet1.xml.rels
12:31:41.179 [main] DEBUG org.apache.poi.openxml4j.opc.PackageRelationshipCollection - Parsing relationship: /_rels/.rels
12:31:41.186 [main] DEBUG org.apache.poi.ooxml.POIXMLFactory - using default POIXMLDocumentPart for http://schemas.openxmlformats.org/officeDocument/2006/relationships/printerSettings
12:31:41.195 [main] DEBUG org.apache.poi.openxml4j.opc.PackageRelationshipCollection - Parsing relationship: /xl/_rels/workbook.xml.rels
12:31:41.196 [main] DEBUG org.apache.poi.openxml4j.opc.PackageRelationshipCollection - Parsing relationship: /xl/worksheets/_rels/sheet1.xml.rels
12:31:41.196 [main] DEBUG org.apache.poi.openxml4j.opc.PackageRelationshipCollection - Parsing relationship: /_rels/.rels
12:31:41.205 [main] DEBUG org.apache.poi.ooxml.POIXMLFactory - using default POIXMLDocumentPart for http://schemas.openxmlformats.org/officeDocument/2006/relationships/printerSettings
12:31:41.217 [main] DEBUG org.apache.poi.openxml4j.opc.PackageRelationshipCollection - Parsing relationship: /xl/_rels/workbook.xml.rels
12:31:41.217 [main] DEBUG org.apache.poi.openxml4j.opc.PackageRelationshipCollection - Parsing relationship: /xl/worksheets/_rels/sheet1.xml.rels
12:31:41.218 [main] DEBUG org.apache.poi.openxml4j.opc.PackageRelationshipCollection - Parsing relationship: /_rels/.rels
12:31:41.224 [main] DEBUG org.apache.poi.ooxml.POIXMLFactory - using default POIXMLDocumentPart for http://schemas.openxmlformats.org/officeDocument/2006/relationships/printerSettings
12:31:41.232 [main] DEBUG org.apache.poi.openxml4j.opc.PackageRelationshipCollection - Parsing relationship: /xl/_rels/workbook.xml.rels
12:31:41.233 [main] DEBUG org.apache.poi.openxml4j.opc.PackageRelationshipCollection - Parsing relationship: /xl/worksheets/_rels/sheet1.xml.rels
12:31:41.233 [main] DEBUG org.apache.poi.openxml4j.opc.PackageRelationshipCollection - Parsing relationship: /_rels/.rels
12:31:41.240 [main] DEBUG org.apache.poi.ooxml.POIXMLFactory - using default POIXMLDocumentPart for http://schemas.openxmlformats.org/officeDocument/2006/relationships/printerSettings
12:31:41.248 [main] DEBUG org.apache.poi.openxml4j.opc.PackageRelationshipCollection - Parsing relationship: /xl/_rels/workbook.xml.rels
12:31:41.249 [main] DEBUG org.apache.poi.openxml4j.opc.PackageRelationshipCollection - Parsing relationship: /xl/worksheets/_rels/sheet1.xml.rels
12:31:41.249 [main] DEBUG org.apache.poi.openxml4j.opc.PackageRelationshipCollection - Parsing relationship: /_rels/.rels
12:31:41.256 [main] DEBUG org.apache.poi.ooxml.POIXMLFactory - using default POIXMLDocumentPart for http://schemas.openxmlformats.org/officeDocument/2006/relationships/printerSettings
12:31:41.265 [main] DEBUG org.apache.poi.openxml4j.opc.PackageRelationshipCollection - Parsing relationship: /xl/_rels/workbook.xml.rels
12:31:41.266 [main] DEBUG org.apache.poi.openxml4j.opc.PackageRelationshipCollection - Parsing relationship: /xl/worksheets/_rels/sheet1.xml.rels
12:31:41.266 [main] DEBUG org.apache.poi.openxml4j.opc.PackageRelationshipCollection - Parsing relationship: /_rels/.rels
12:31:41.274 [main] DEBUG org.apache.poi.ooxml.POIXMLFactory - using default POIXMLDocumentPart for http://schemas.openxmlformats.org/officeDocument/2006/relationships/printerSettings
12:31:41.282 [main] DEBUG org.apache.poi.openxml4j.opc.PackageRelationshipCollection - Parsing relationship: /xl/_rels/workbook.xml.rels
12:31:41.282 [main] DEBUG org.apache.poi.openxml4j.opc.PackageRelationshipCollection - Parsing relationship: /xl/worksheets/_rels/sheet1.xml.rels
12:31:41.283 [main] DEBUG org.apache.poi.openxml4j.opc.PackageRelationshipCollection - Parsing relationship: /_rels/.rels
12:31:41.290 [main] DEBUG org.apache.poi.ooxml.POIXMLFactory - using default POIXMLDocumentPart for http://schemas.openxmlformats.org/officeDocument/2006/relationships/printerSettings
12:31:41.298 [main] DEBUG org.apache.poi.openxml4j.opc.PackageRelationshipCollection - Parsing relationship: /xl/_rels/workbook.xml.rels
12:31:41.299 [main] DEBUG org.apache.poi.openxml4j.opc.PackageRelationshipCollection - Parsing relationship: /xl/worksheets/_rels/sheet1.xml.rels
12:31:41.299 [main] DEBUG org.apache.poi.openxml4j.opc.PackageRelationshipCollection - Parsing relationship: /_rels/.rels
12:31:41.305 [main] DEBUG org.apache.poi.ooxml.POIXMLFactory - using default POIXMLDocumentPart for http://schemas.openxmlformats.org/officeDocument/2006/relationships/printerSettings
12:31:41.313 [main] DEBUG org.apache.poi.openxml4j.opc.PackageRelationshipCollection - Parsing relationship: /xl/_rels/workbook.xml.rels
12:31:41.314 [main] DEBUG org.apache.poi.openxml4j.opc.PackageRelationshipCollection - Parsing relationship: /xl/worksheets/_rels/sheet1.xml.rels
12:31:41.314 [main] DEBUG org.apache.poi.openxml4j.opc.PackageRelationshipCollection - Parsing relationship: /_rels/.rels
12:31:41.320 [main] DEBUG org.apache.poi.ooxml.POIXMLFactory - using default POIXMLDocumentPart for http://schemas.openxmlformats.org/officeDocument/2006/relationships/printerSettings
12:31:44.625 [main] DEBUG org.apache.poi.openxml4j.opc.PackageRelationshipCollection - Parsing relationship: /xl/_rels/workbook.xml.rels
12:31:44.626 [main] DEBUG org.apache.poi.openxml4j.opc.PackageRelationshipCollection - Parsing relationship: /xl/worksheets/_rels/sheet1.xml.rels
12:31:44.627 [main] DEBUG org.apache.poi.openxml4j.opc.PackageRelationshipCollection - Parsing relationship: /_rels/.rels
12:31:44.631 [main] DEBUG org.apache.poi.ooxml.POIXMLFactory - using default POIXMLDocumentPart for http://schemas.openxmlformats.org/officeDocument/2006/relationships/printerSettings
12:31:44.637 [main] DEBUG org.apache.poi.openxml4j.opc.PackageRelationshipCollection - Parsing relationship: /xl/_rels/workbook.xml.rels
12:31:44.638 [main] DEBUG org.apache.poi.openxml4j.opc.PackageRelationshipCollection - Parsing relationship: /xl/worksheets/_rels/sheet1.xml.rels
12:31:44.638 [main] DEBUG org.apache.poi.openxml4j.opc.PackageRelationshipCollection - Parsing relationship: /_rels/.rels
12:31:44.642 [main] DEBUG org.apache.poi.ooxml.POIXMLFactory - using default POIXMLDocumentPart for http://schemas.openxmlformats.org/officeDocument/2006/relationships/printerSettings
12:31:44.648 [main] DEBUG org.apache.poi.openxml4j.opc.PackageRelationshipCollection - Parsing relationship: /xl/_rels/workbook.xml.rels
12:31:44.648 [main] DEBUG org.apache.poi.openxml4j.opc.PackageRelationshipCollection - Parsing relationship: /xl/worksheets/_rels/sheet1.xml.rels
12:31:44.648 [main] DEBUG org.apache.poi.openxml4j.opc.PackageRelationshipCollection - Parsing relationship: /_rels/.rels
12:31:44.653 [main] DEBUG org.apache.poi.ooxml.POIXMLFactory - using default POIXMLDocumentPart for http://schemas.openxmlformats.org/officeDocument/2006/relationships/printerSettings
12:31:44.658 [main] DEBUG org.apache.poi.openxml4j.opc.PackageRelationshipCollection - Parsing relationship: /xl/_rels/workbook.xml.rels
12:31:44.659 [main] DEBUG org.apache.poi.openxml4j.opc.PackageRelationshipCollection - Parsing relationship: /xl/worksheets/_rels/sheet1.xml.rels
12:31:44.659 [main] DEBUG org.apache.poi.openxml4j.opc.PackageRelationshipCollection - Parsing relationship: /_rels/.rels
12:31:44.663 [main] DEBUG org.apache.poi.ooxml.POIXMLFactory - using default POIXMLDocumentPart for http://schemas.openxmlformats.org/officeDocument/2006/relationships/printerSettings
12:32:57.021 [main] INFO  api.test.UserTests - ***********Creating User**********
12:32:59.646 [main] INFO  api.test.UserTests - ***********Created User**********
12:32:59.658 [main] INFO  api.test.UserTests - ***********get User**********
12:33:00.786 [main] INFO  api.test.UserTests - ***********get User**********
12:33:00.789 [main] INFO  api.test.UserTests - ***********updating User**********
12:33:02.993 [main] INFO  api.test.UserTests - ***********updated User**********
12:33:02.995 [main] INFO  api.test.UserTests - ***********deleting User**********
12:33:04.156 [main] INFO  api.test.UserTests - ***********deleted User**********
13:29:37.274 [main] INFO  api.test.UserTests - ***********Creating User**********
13:29:39.759 [main] INFO  api.test.UserTests - ***********Created User**********
13:29:39.771 [main] INFO  api.test.UserTests - ***********get User**********
13:29:40.865 [main] INFO  api.test.UserTests - ***********get User**********
13:29:40.867 [main] INFO  api.test.UserTests - ***********updating User**********
13:29:43.105 [main] INFO  api.test.UserTests - ***********updated User**********
13:29:43.107 [main] INFO  api.test.UserTests - ***********deleting User**********
13:29:44.230 [main] INFO  api.test.UserTests - ***********deleted User**********
13:29:44.256 [main] INFO  api.test.UserTests2 - ***********Creating User**********
13:29:45.487 [main] INFO  api.test.UserTests2 - ***********Created User**********
13:29:45.490 [main] INFO  api.test.UserTests2 - ***********get User**********
13:29:46.575 [main] INFO  api.test.UserTests2 - ***********get User**********
13:29:46.577 [main] INFO  api.test.UserTests2 - ***********updating User**********
13:29:48.839 [main] INFO  api.test.UserTests2 - ***********updated User**********
13:29:48.841 [main] INFO  api.test.UserTests2 - ***********deleting User**********
13:29:49.915 [main] INFO  api.test.UserTests2 - ***********deleted User**********
13:49:46.887 [main] INFO  api.test.UserTests - ***********Creating User**********
13:49:48.035 [main] INFO  api.test.UserTests - ***********Created User**********
13:49:48.036 [main] INFO  api.test.UserTests - ***********get User**********
13:49:49.087 [main] INFO  api.test.UserTests - ***********get User**********
13:49:49.088 [main] INFO  api.test.UserTests - ***********updating User**********
13:49:51.302 [main] INFO  api.test.UserTests - ***********updated User**********
13:49:51.303 [main] INFO  api.test.UserTests - ***********deleting User**********
13:49:52.386 [main] INFO  api.test.UserTests - ***********deleted User**********
13:51:26.771 [main] INFO  api.test.UserTests - ***********Creating User**********
13:51:27.921 [main] INFO  api.test.UserTests - ***********Created User**********
13:51:27.922 [main] INFO  api.test.UserTests - ***********get User**********
13:51:29.043 [main] INFO  api.test.UserTests - ***********get User**********
13:51:29.044 [main] INFO  api.test.UserTests - ***********updating User**********
13:51:31.310 [main] INFO  api.test.UserTests - ***********updated User**********
13:51:31.311 [main] INFO  api.test.UserTests - ***********deleting User**********
13:51:32.421 [main] INFO  api.test.UserTests - ***********deleted User**********
13:53:12.487 [main] INFO  api.test.UserTests - ***********Creating User**********
13:53:15.251 [main] INFO  api.test.UserTests - ***********Created User**********
13:53:15.263 [main] INFO  api.test.UserTests - ***********get User**********
13:53:16.380 [main] INFO  api.test.UserTests - ***********get User**********
13:53:16.382 [main] INFO  api.test.UserTests - ***********updating User**********
13:53:18.586 [main] INFO  api.test.UserTests - ***********updated User**********
13:53:18.587 [main] INFO  api.test.UserTests - ***********deleting User**********
13:53:19.714 [main] INFO  api.test.UserTests - ***********deleted User**********
13:53:19.744 [main] INFO  api.test.UserTests2 - ***********Creating User**********
13:53:20.868 [main] INFO  api.test.UserTests2 - ***********Created User**********
13:53:20.869 [main] INFO  api.test.UserTests2 - ***********get User**********
13:53:22.018 [main] INFO  api.test.UserTests2 - ***********get User**********
13:53:22.019 [main] INFO  api.test.UserTests2 - ***********updating User**********
13:53:24.251 [main] INFO  api.test.UserTests2 - ***********updated User**********
13:53:24.252 [main] INFO  api.test.UserTests2 - ***********deleting User**********
13:53:25.378 [main] INFO  api.test.UserTests2 - ***********deleted User**********
14:33:24.435 [main] INFO  api.test.UserTests - ***********Creating User**********
14:33:27.130 [main] INFO  api.test.UserTests - ***********Created User**********
14:33:27.141 [main] INFO  api.test.UserTests - ***********get User**********
14:33:28.278 [main] INFO  api.test.UserTests - ***********get User**********
14:33:28.280 [main] INFO  api.test.UserTests - ***********updating User**********
14:33:30.513 [main] INFO  api.test.UserTests - ***********updated User**********
14:33:30.514 [main] INFO  api.test.UserTests - ***********deleting User**********
14:33:31.678 [main] INFO  api.test.UserTests - ***********deleted User**********
14:33:31.707 [main] INFO  api.test.UserTests2 - ***********Creating User**********
14:33:32.789 [main] INFO  api.test.UserTests2 - ***********Created User**********
14:33:32.791 [main] INFO  api.test.UserTests2 - ***********get User**********
14:33:33.872 [main] INFO  api.test.UserTests2 - ***********get User**********
14:33:33.873 [main] INFO  api.test.UserTests2 - ***********updating User**********
14:33:36.016 [main] INFO  api.test.UserTests2 - ***********updated User**********
14:33:36.017 [main] INFO  api.test.UserTests2 - ***********deleting User**********
14:33:37.166 [main] INFO  api.test.UserTests2 - ***********deleted User**********
14:51:52.811 [main] INFO  api.test.UserTests - ***********Creating User**********
14:51:58.360 [main] INFO  api.test.UserTests - ***********Created User**********
14:51:58.429 [main] INFO  api.test.UserTests - ***********get User**********
14:51:59.612 [main] INFO  api.test.UserTests - ***********get User**********
14:51:59.615 [main] INFO  api.test.UserTests - ***********updating User**********
14:52:02.386 [main] INFO  api.test.UserTests - ***********updated User**********
14:52:02.389 [main] INFO  api.test.UserTests - ***********deleting User**********
14:52:03.649 [main] INFO  api.test.UserTests - ***********deleted User**********
14:52:03.743 [main] INFO  api.test.UserTests2 - ***********Creating User**********
14:52:05.255 [main] INFO  api.test.UserTests2 - ***********Created User**********
14:52:05.259 [main] INFO  api.test.UserTests2 - ***********get User**********
14:52:06.487 [main] INFO  api.test.UserTests2 - ***********get User**********
14:52:06.490 [main] INFO  api.test.UserTests2 - ***********updating User**********
14:52:09.356 [main] INFO  api.test.UserTests2 - ***********updated User**********
14:52:09.359 [main] INFO  api.test.UserTests2 - ***********deleting User**********
14:52:10.822 [main] INFO  api.test.UserTests2 - ***********deleted User**********
14:53:10.472 [main] INFO  api.test.UserTests - ***********Creating User**********
14:53:15.684 [main] INFO  api.test.UserTests - ***********Created User**********
14:53:15.709 [main] INFO  api.test.UserTests - ***********get User**********
14:53:16.950 [main] INFO  api.test.UserTests - ***********get User**********
14:53:16.953 [main] INFO  api.test.UserTests - ***********updating User**********
14:53:20.093 [main] INFO  api.test.UserTests - ***********updated User**********
14:53:20.096 [main] INFO  api.test.UserTests - ***********deleting User**********
14:53:21.283 [main] INFO  api.test.UserTests - ***********deleted User**********
14:53:21.372 [main] INFO  api.test.UserTests2 - ***********Creating User**********
14:53:22.664 [main] INFO  api.test.UserTests2 - ***********Created User**********
14:53:22.668 [main] INFO  api.test.UserTests2 - ***********get User**********
14:53:23.940 [main] INFO  api.test.UserTests2 - ***********get User**********
14:53:23.943 [main] INFO  api.test.UserTests2 - ***********updating User**********
14:53:26.394 [main] INFO  api.test.UserTests2 - ***********updated User**********
14:53:26.395 [main] INFO  api.test.UserTests2 - ***********deleting User**********
14:53:27.570 [main] INFO  api.test.UserTests2 - ***********deleted User**********
16:18:09.508 [main] INFO  api.test.UserTests - ***********Creating User**********
16:18:14.408 [main] INFO  api.test.UserTests - ***********Created User**********
16:18:14.440 [main] INFO  api.test.UserTests - ***********get User**********
16:18:15.659 [main] INFO  api.test.UserTests - ***********get User**********
16:18:15.666 [main] INFO  api.test.UserTests - ***********updating User**********
16:18:18.039 [main] INFO  api.test.UserTests - ***********updated User**********
16:18:18.045 [main] INFO  api.test.UserTests - ***********deleting User**********
16:18:19.224 [main] INFO  api.test.UserTests - ***********deleted User**********
16:18:19.320 [main] INFO  api.test.UserTests2 - ***********Creating User**********
16:18:20.566 [main] INFO  api.test.UserTests2 - ***********Created User**********
16:18:20.571 [main] INFO  api.test.UserTests2 - ***********get User**********
16:18:21.766 [main] INFO  api.test.UserTests2 - ***********get User**********
16:18:21.771 [main] INFO  api.test.UserTests2 - ***********updating User**********
16:18:24.177 [main] INFO  api.test.UserTests2 - ***********updated User**********
16:18:24.181 [main] INFO  api.test.UserTests2 - ***********deleting User**********
16:18:25.333 [main] INFO  api.test.UserTests2 - ***********deleted User**********
16:24:39.275 [main] INFO  api.test.UserTests - ***********Creating User**********
16:24:42.855 [main] INFO  api.test.UserTests - ***********Created User**********
16:24:42.874 [main] INFO  api.test.UserTests - ***********get User**********
16:24:44.159 [main] INFO  api.test.UserTests - ***********get User**********
16:24:44.165 [main] INFO  api.test.UserTests - ***********updating User**********
16:24:46.609 [main] INFO  api.test.UserTests - ***********updated User**********
16:24:46.614 [main] INFO  api.test.UserTests - ***********deleting User**********
16:24:47.767 [main] INFO  api.test.UserTests - ***********deleted User**********
16:24:47.875 [main] INFO  api.test.UserTests2 - ***********Creating User**********
16:24:49.185 [main] INFO  api.test.UserTests2 - ***********Created User**********
16:24:49.192 [main] INFO  api.test.UserTests2 - ***********get User**********
16:24:50.410 [main] INFO  api.test.UserTests2 - ***********get User**********
16:24:50.417 [main] INFO  api.test.UserTests2 - ***********updating User**********
16:24:52.867 [main] INFO  api.test.UserTests2 - ***********updated User**********
16:24:52.871 [main] INFO  api.test.UserTests2 - ***********deleting User**********
16:24:54.084 [main] INFO  api.test.UserTests2 - ***********deleted User**********
16:31:26.449 [main] INFO  api.test.UserTests - ***********Creating User**********
16:31:29.470 [main] INFO  api.test.UserTests - ***********Created User**********
16:31:29.492 [main] INFO  api.test.UserTests - ***********get User**********
16:31:30.761 [main] INFO  api.test.UserTests - ***********get User**********
16:31:30.764 [main] INFO  api.test.UserTests - ***********updating User**********
16:31:33.166 [main] INFO  api.test.UserTests - ***********updated User**********
16:31:33.169 [main] INFO  api.test.UserTests - ***********deleting User**********
16:31:34.316 [main] INFO  api.test.UserTests - ***********deleted User**********
16:31:34.380 [main] INFO  api.test.UserTests2 - ***********Creating User**********
16:31:35.602 [main] INFO  api.test.UserTests2 - ***********Created User**********
16:31:35.604 [main] INFO  api.test.UserTests2 - ***********get User**********
16:31:36.743 [main] INFO  api.test.UserTests2 - ***********get User**********
16:31:36.745 [main] INFO  api.test.UserTests2 - ***********updating User**********
16:31:39.102 [main] INFO  api.test.UserTests2 - ***********updated User**********
16:31:39.105 [main] INFO  api.test.UserTests2 - ***********deleting User**********
16:31:40.316 [main] INFO  api.test.UserTests2 - ***********deleted User**********
